<?xml version="1.0" encoding="UTF-8"?>
<!-- Generated by org.testng.reporters.JUnitReportReporter -->
<testsuite hostname="CERTIFYLT-293" failures="0" tests="1" name="Crossbrowser.Testing" time="19.178" errors="0" timestamp="2023-03-20T16:36:41 IST" skipped="0">
  <testcase classname="Crossbrowser.Testing" name="test" time="19.178"/>
  <system-out/>
</testsuite> <!-- Crossbrowser.Testing -->
